0 info it worked if it ends with ok
1 verbose cli [ '/usr/bin/node',
1 verbose cli   '/usr/bin/npm',
1 verbose cli   'install',
1 verbose cli   '-g',
1 verbose cli   'meteor-jsdoc' ]
2 info using npm@1.4.28
3 info using node@v0.10.38
4 verbose node symlink /usr/bin/node
5 verbose cache add [ 'meteor-jsdoc', null ]
6 verbose cache add name=undefined spec="meteor-jsdoc" args=["meteor-jsdoc",null]
7 verbose parsed url { protocol: null,
7 verbose parsed url   slashes: null,
7 verbose parsed url   auth: null,
7 verbose parsed url   host: null,
7 verbose parsed url   port: null,
7 verbose parsed url   hostname: null,
7 verbose parsed url   hash: null,
7 verbose parsed url   search: null,
7 verbose parsed url   query: null,
7 verbose parsed url   pathname: 'meteor-jsdoc',
7 verbose parsed url   path: 'meteor-jsdoc',
7 verbose parsed url   href: 'meteor-jsdoc' }
8 silly lockFile 7b4d6c84-meteor-jsdoc meteor-jsdoc
9 verbose lock meteor-jsdoc /home/silval/.npm/7b4d6c84-meteor-jsdoc.lock
10 silly lockFile 7b4d6c84-meteor-jsdoc meteor-jsdoc
11 silly lockFile 7b4d6c84-meteor-jsdoc meteor-jsdoc
12 verbose addNamed [ 'meteor-jsdoc', '' ]
13 verbose addNamed [ null, '*' ]
14 silly lockFile a6a621a2-meteor-jsdoc meteor-jsdoc@
15 verbose lock meteor-jsdoc@ /home/silval/.npm/a6a621a2-meteor-jsdoc.lock
16 silly addNameRange { name: 'meteor-jsdoc', range: '*', hasData: false }
17 verbose request where is /meteor-jsdoc
18 verbose request registry https://registry.npmjs.org/
19 verbose request id 2b9aa8f3cdc22af0
20 verbose url raw /meteor-jsdoc
21 verbose url resolving [ 'https://registry.npmjs.org/', './meteor-jsdoc' ]
22 verbose url resolved https://registry.npmjs.org/meteor-jsdoc
23 verbose request where is https://registry.npmjs.org/meteor-jsdoc
24 info trying registry request attempt 1 at 19:14:59
25 http GET https://registry.npmjs.org/meteor-jsdoc
26 http 200 https://registry.npmjs.org/meteor-jsdoc
27 silly registry.get cb [ 200,
27 silly registry.get   { date: 'Wed, 08 Apr 2015 23:14:59 GMT',
27 silly registry.get     server: 'CouchDB/1.5.0 (Erlang OTP/R16B03)',
27 silly registry.get     etag: '"CD5YSYIQQRKHGI9O063PQHFLC"',
27 silly registry.get     'content-type': 'application/json',
27 silly registry.get     'cache-control': 'max-age=60',
27 silly registry.get     'content-length': '14846',
27 silly registry.get     'accept-ranges': 'bytes',
27 silly registry.get     via: '1.1 varnish',
27 silly registry.get     age: '0',
27 silly registry.get     'x-served-by': 'cache-jfk1030-JFK',
27 silly registry.get     'x-cache': 'MISS',
27 silly registry.get     'x-cache-hits': '0',
27 silly registry.get     'x-timer': 'S1428534899.405276,VS0,VE85',
27 silly registry.get     vary: 'Accept',
27 silly registry.get     'keep-alive': 'timeout=10, max=50',
27 silly registry.get     connection: 'Keep-Alive' } ]
28 silly addNameRange number 2 { name: 'meteor-jsdoc', range: '*', hasData: true }
29 silly addNameRange versions [ 'meteor-jsdoc',
29 silly addNameRange   [ '0.1.0', '0.1.1', '0.1.2', '0.1.3', '0.2.0', '0.2.1', '0.2.2' ] ]
30 verbose addNamed [ 'meteor-jsdoc', '0.2.2' ]
31 verbose addNamed [ '0.2.2', '0.2.2' ]
32 silly lockFile fc3ba191-meteor-jsdoc-0-2-2 meteor-jsdoc@0.2.2
33 verbose lock meteor-jsdoc@0.2.2 /home/silval/.npm/fc3ba191-meteor-jsdoc-0-2-2.lock
34 silly lockFile 11bce931-eor-jsdoc-meteor-jsdoc-0-2-2-tgz https://registry.npmjs.org/meteor-jsdoc/-/meteor-jsdoc-0.2.2.tgz
35 verbose lock https://registry.npmjs.org/meteor-jsdoc/-/meteor-jsdoc-0.2.2.tgz /home/silval/.npm/11bce931-eor-jsdoc-meteor-jsdoc-0-2-2-tgz.lock
36 verbose addRemoteTarball [ 'https://registry.npmjs.org/meteor-jsdoc/-/meteor-jsdoc-0.2.2.tgz',
36 verbose addRemoteTarball   'ccb77aa6471973baf1cfbd8a30de48c6887b14b0' ]
37 info retry fetch attempt 1 at 19:14:59
38 verbose fetch to= /tmp/npm-20681-ZOaV_Xdo/registry.npmjs.org/meteor-jsdoc/-/meteor-jsdoc-0.2.2.tgz
39 http GET https://registry.npmjs.org/meteor-jsdoc/-/meteor-jsdoc-0.2.2.tgz
40 http 200 https://registry.npmjs.org/meteor-jsdoc/-/meteor-jsdoc-0.2.2.tgz
41 silly lockFile 11bce931-eor-jsdoc-meteor-jsdoc-0-2-2-tgz https://registry.npmjs.org/meteor-jsdoc/-/meteor-jsdoc-0.2.2.tgz
42 silly lockFile 11bce931-eor-jsdoc-meteor-jsdoc-0-2-2-tgz https://registry.npmjs.org/meteor-jsdoc/-/meteor-jsdoc-0.2.2.tgz
43 silly lockFile fc3ba191-meteor-jsdoc-0-2-2 meteor-jsdoc@0.2.2
44 silly lockFile fc3ba191-meteor-jsdoc-0-2-2 meteor-jsdoc@0.2.2
45 silly lockFile a6a621a2-meteor-jsdoc meteor-jsdoc@
46 silly lockFile a6a621a2-meteor-jsdoc meteor-jsdoc@
47 silly resolved [ { name: 'meteor-jsdoc',
47 silly resolved     version: '0.2.2',
47 silly resolved     description: 'Automated JSDoc generation for Meteor projects with a Meteor server to output the docs.',
47 silly resolved     dependencies:
47 silly resolved      { ejs: '0.8.x',
47 silly resolved        cjson: '0.3.x',
47 silly resolved        colors: '0.6.x',
47 silly resolved        jsdoc: '3.3.x',
47 silly resolved        'canonical-json': '0.0.x',
47 silly resolved        underscore: '1.8.x' },
47 silly resolved     bin: { 'meteor-jsdoc': './bin/meteor-jsdoc' },
47 silly resolved     author: { name: 'Fabien Blanchard', email: 'fabienb4.b4soft@gmail.com' },
47 silly resolved     repository:
47 silly resolved      { type: 'git',
47 silly resolved        url: 'git://github.com/fabienb4/meteor-jsdoc.git' },
47 silly resolved     license: 'MIT',
47 silly resolved     bugs: { url: 'https://github.com/fabienb4/meteor-jsdoc/issues' },
47 silly resolved     homepage: 'https://github.com/fabienb4/meteor-jsdoc',
47 silly resolved     gitHead: 'db37a78a3b6c847f9267d8bdb260d056c0507e6c',
47 silly resolved     _id: 'meteor-jsdoc@0.2.2',
47 silly resolved     scripts: {},
47 silly resolved     _shasum: 'ccb77aa6471973baf1cfbd8a30de48c6887b14b0',
47 silly resolved     _from: 'meteor-jsdoc@',
47 silly resolved     _npmVersion: '2.7.1',
47 silly resolved     _nodeVersion: '0.10.37',
47 silly resolved     _npmUser: { name: 'fabienb4', email: 'fabienb4.b4soft@gmail.com' },
47 silly resolved     maintainers: [ [Object] ],
47 silly resolved     dist:
47 silly resolved      { shasum: 'ccb77aa6471973baf1cfbd8a30de48c6887b14b0',
47 silly resolved        tarball: 'http://registry.npmjs.org/meteor-jsdoc/-/meteor-jsdoc-0.2.2.tgz' },
47 silly resolved     directories: {},
47 silly resolved     _resolved: 'https://registry.npmjs.org/meteor-jsdoc/-/meteor-jsdoc-0.2.2.tgz' } ]
48 info install meteor-jsdoc@0.2.2 into /usr/lib
49 info installOne meteor-jsdoc@0.2.2
50 verbose lib/node_modules/meteor-jsdoc unbuild
51 verbose tar unpack /home/silval/.npm/meteor-jsdoc/0.2.2/package.tgz
52 silly lockFile 0f904ec6-sr-lib-node-modules-meteor-jsdoc tar:///usr/lib/node_modules/meteor-jsdoc
53 verbose lock tar:///usr/lib/node_modules/meteor-jsdoc /home/silval/.npm/0f904ec6-sr-lib-node-modules-meteor-jsdoc.lock
54 silly lockFile 6d4fac92-m-meteor-jsdoc-0-2-2-package-tgz tar:///home/silval/.npm/meteor-jsdoc/0.2.2/package.tgz
55 verbose lock tar:///home/silval/.npm/meteor-jsdoc/0.2.2/package.tgz /home/silval/.npm/6d4fac92-m-meteor-jsdoc-0-2-2-package-tgz.lock
56 silly gunzTarPerm modes [ '775', '664' ]
57 error Error: EACCES, mkdir '/usr/lib/node_modules/meteor-jsdoc'
57 error  { [Error: EACCES, mkdir '/usr/lib/node_modules/meteor-jsdoc']
57 error   errno: 3,
57 error   code: 'EACCES',
57 error   path: '/usr/lib/node_modules/meteor-jsdoc',
57 error   fstream_type: 'Directory',
57 error   fstream_path: '/usr/lib/node_modules/meteor-jsdoc',
57 error   fstream_class: 'DirWriter',
57 error   fstream_stack:
57 error    [ '/usr/lib/node_modules/npm/node_modules/fstream/lib/dir-writer.js:36:23',
57 error      '/usr/lib/node_modules/npm/node_modules/mkdirp/index.js:46:53',
57 error      'Object.oncomplete (fs.js:108:15)' ] }
58 error Please try running this command again as root/Administrator.
59 error System Linux 3.2.0-79-generic
60 error command "/usr/bin/node" "/usr/bin/npm" "install" "-g" "meteor-jsdoc"
61 error cwd /home/silval/Google Drive/School Work/SDD(Private)/DriveSafe
62 error node -v v0.10.38
63 error npm -v 1.4.28
64 error path /usr/lib/node_modules/meteor-jsdoc
65 error fstream_path /usr/lib/node_modules/meteor-jsdoc
66 error fstream_type Directory
67 error fstream_class DirWriter
68 error code EACCES
69 error errno 3
70 error stack Error: EACCES, mkdir '/usr/lib/node_modules/meteor-jsdoc'
71 error fstream_stack /usr/lib/node_modules/npm/node_modules/fstream/lib/dir-writer.js:36:23
71 error fstream_stack /usr/lib/node_modules/npm/node_modules/mkdirp/index.js:46:53
71 error fstream_stack Object.oncomplete (fs.js:108:15)
72 verbose exit [ 3, true ]
